<?xml version="1.0" encoding="UTF-8"?>
<testsuite name="SumCalculatorTest" tests="4" skipped="0" failures="0" errors="0" timestamp="2025-06-01T18:37:22.085Z" hostname="TaReN" time="0.054">
  <properties/>
  <testcase name="testSumThree()" classname="SumCalculatorTest" time="0.041"/>
  <testcase name="testSumNegativeThrowsException()" classname="SumCalculatorTest" time="0.007"/>
  <testcase name="testSumOne()" classname="SumCalculatorTest" time="0.001"/>
  <testcase name="testSumZero()" classname="SumCalculatorTest" time="0.002"/>
  <system-out><![CDATA[]]></system-out>
  <system-err><![CDATA[]]></system-err>
</testsuite>
